<?xml version="1.0" encoding="UTF-8"?>
<coverage generated="1731571424978" clover="3.2.0">
  <project timestamp="1731571424979" name="All files">
    <metrics statements="24" coveredstatements="24" conditionals="7" coveredconditionals="7" methods="3" coveredmethods="3" elements="34" coveredelements="34" complexity="0" loc="24" ncloc="24" packages="1" files="1" classes="1"/>
    <file name="index.js" path="C:\Users\lenovo\Documents\BSDP\unit-testing-parameterized-exercise\index.js">
      <metrics statements="24" coveredstatements="24" conditionals="7" coveredconditionals="7" methods="3" coveredmethods="3"/>
      <line num="1" count="4" type="cond" truecount="1" falsecount="0"/>
      <line num="2" count="4" type="stmt"/>
      <line num="3" count="4" type="stmt"/>
      <line num="4" count="1" type="stmt"/>
      <line num="5" count="1" type="cond" truecount="1" falsecount="0"/>
      <line num="6" count="4" type="stmt"/>
      <line num="7" count="4" type="stmt"/>
      <line num="8" count="1" type="stmt"/>
      <line num="9" count="1" type="cond" truecount="1" falsecount="0"/>
      <line num="10" count="5" type="stmt"/>
      <line num="11" count="5" type="stmt"/>
      <line num="12" count="5" type="stmt"/>
      <line num="13" count="5" type="stmt"/>
      <line num="14" count="5" type="stmt"/>
      <line num="15" count="5" type="stmt"/>
      <line num="16" count="5" type="stmt"/>
      <line num="17" count="5" type="stmt"/>
      <line num="18" count="5" type="cond" truecount="2" falsecount="0"/>
      <line num="19" count="5" type="stmt"/>
      <line num="20" count="5" type="stmt"/>
      <line num="21" count="5" type="cond" truecount="2" falsecount="0"/>
      <line num="22" count="5" type="stmt"/>
      <line num="23" count="1" type="stmt"/>
      <line num="24" count="1" type="stmt"/>
    </file>
  </project>
</coverage>
