TN:
SF:index.js
FN:1,add
FN:5,multiply
FN:9,loginUser
FN:24,checkLoanEligibility
FNF:4
FNH:4
FNDA:4,add
FNDA:4,multiply
FNDA:5,loginUser
FNDA:7,checkLoanEligibility
DA:1,4
DA:2,4
DA:3,4
DA:4,1
DA:5,1
DA:6,4
DA:7,4
DA:8,1
DA:9,1
DA:10,5
DA:11,5
DA:12,5
DA:13,5
DA:14,5
DA:15,5
DA:16,5
DA:17,5
DA:18,5
DA:19,5
DA:20,5
DA:21,5
DA:22,5
DA:23,1
DA:24,1
DA:25,7
DA:26,7
DA:27,7
DA:28,7
DA:29,7
DA:30,7
DA:31,2
DA:32,2
DA:33,5
DA:34,5
DA:35,7
DA:36,1
DA:37,1
DA:38,4
DA:39,4
DA:40,7
DA:41,2
DA:42,2
DA:43,2
DA:44,2
DA:45,2
DA:46,1
DA:47,1
LF:47
LH:47
BRDA:1,0,0,4
BRDA:5,1,0,4
BRDA:9,2,0,5
BRDA:21,3,0,2
BRDA:21,4,0,3
BRDA:18,5,0,9
BRDA:18,6,0,3
BRDA:24,7,0,7
BRDA:30,8,0,2
BRDA:32,9,0,5
BRDA:35,10,0,1
BRDA:37,11,0,4
BRDA:40,12,0,2
BRF:13
BRH:13
end_of_record
